Starting job 231011 on gpu-1-[104,111] on Olivia at Tue Mar 10 09:54:13 CET 2026

Nodes: gpu-1-[104,111]
INFO:    gocryptfs not found, will not be able to use gocryptfs
provider: cxi
    fabric: cxi
    domain: cxi0
    version: 0.1
    type: FI_EP_RDM
    protocol: FI_PROTO_CXI
provider: cxi
    fabric: cxi
    domain: cxi1
    version: 0.1
    type: FI_EP_RDM
    protocol: FI_PROTO_CXI
provider: cxi
    fabric: cxi
    domain: cxi2
    version: 0.1
    type: FI_EP_RDM
    protocol: FI_PROTO_CXI
provider: cxi
    fabric: cxi
    domain: cxi3
    version: 0.1
    type: FI_EP_RDM
    protocol: FI_PROTO_CXI
=== Host to Host latency ===

# OSU MPI Latency Test v7.5
# Datatype: MPI_CHAR.
# Size       Avg Latency(us)
1                       3.55
2                       3.56
4                       3.55
8                       3.56
16                      3.60
32                      3.57
64                      3.59
128                     4.66
256                     4.55
512                     4.68
1024                    4.73
2048                    4.93
4096                    5.37
8192                    5.81
16384                   6.77
32768                  13.79
65536                  15.26
131072                 18.09
262144                 23.52
524288                 34.33
1048576                55.82
=== Host to Host bandwidth ===

# OSU MPI Bandwidth Test v7.5
# Datatype: MPI_CHAR.
# Size      Bandwidth (MB/s)
1                       1.12
2                       2.21
4                       4.42
8                       8.99
16                     17.70
32                     34.71
64                     68.42
128                   135.96
256                   281.95
512                   552.88
1024                  969.27
2048                 2131.12
4096                 4283.44
8192                 8193.77
16384               14065.53
32768               18297.86
65536               22007.30
131072              23065.10
262144              23854.02
524288              24070.77
1048576             24174.24
=== Device to Device latency ===

# OSU MPI-CUDA Latency Test v7.5
# Datatype: MPI_CHAR.
# Size       Avg Latency(us)
1                      21.53
2                      21.62
4                      21.60
8                      21.61
16                     21.67
32                     21.88
64                     21.77
128                    22.90
256                    22.87
512                    23.17
1024                   23.48
2048                   24.11
4096                   25.66
8192                   26.43
16384                  28.01
32768                  39.12
65536                  44.64
131072                 59.54
262144                 88.15
524288                149.07
1048576               275.80
=== Device to Device bandwidth ===

# OSU MPI-CUDA Bandwidth Test v7.5
# Datatype: MPI_CHAR.
# Size      Bandwidth (MB/s)
1                       0.10
2                       0.19
4                       0.38
8                       0.76
16                      1.51
32                      3.05
64                      6.14
128                    12.21
256                    23.64
512                    47.19
1024                   91.93
2048                  183.55
4096                  360.34
8192                  704.45
16384                1303.56
32768                2130.09
65536                2845.98
131072               4257.36
262144               5758.01
524288               7054.32
1048576              7890.20

Job 231011 consumed 0.0 billing hours and 0.0 GPU hours from project nn9997k.

Submitted 2026-03-10T09:54:12; waited 0.0 seconds in the queue after becoming eligible to run.

Requested wallclock time: 10.0 minutes
Elapsed wallclock time:   18.0 seconds

Job exited normally.

Task and CPU statistics:
ID                CPUs  Tasks  CPU util                Start  Elapsed  Exit status
231011               2            0.0 %  2026-03-10T09:54:12   18.0 s  0
231011.batch         1      1     1.4 %  2026-03-10T09:54:12   18.0 s  0
231011.apptainer     2      2     0.0 %  2026-03-10T09:54:13    4.0 s  0
231011.apptainer     2      2     0.0 %  2026-03-10T09:54:17    1.0 s  0
231011.apptainer     2      2     0.0 %  2026-03-10T09:54:18    9.0 s  0
231011.apptainer     2      2     0.0 %  2026-03-10T09:54:27    3.0 s  0

Used CPU time:   0.2 CPU seconds
Unused CPU time: 35.8 CPU seconds

Memory statistics, in GiB:
ID                 Alloc   Usage
231011              32.0        
231011.batch        16.0     0.1
231011.apptainer    32.0     1.1
231011.apptainer    32.0     1.0
231011.apptainer    32.0     1.2
231011.apptainer    32.0     3.1

Job 231011 completed at Tue Mar 10 09:54:31 CET 2026
